{"name": "test_vwologin", "status": "failed", "statusDetails": {"message": "AssertionError: assert 'Dashboard' in 'Login - VWO'\n +  where 'Login - VWO' = <selenium.webdriver.chrome.webdriver.WebDriver (session=\"30110e407422949a7fd0f84a9930b9a7\")>.title", "trace": "self = <test.vwoLoginTests.test_vwologin.TestVWOLogin object at 0x000001EA7177B6D0>\ndriver = <selenium.webdriver.chrome.webdriver.WebDriver (session=\"30110e407422949a7fd0f84a9930b9a7\")>\n\n    @pytest.mark.positive\n    def test_vwologin(self, driver):\n        loginPage = LoginPage(driver)\n        loginPage.login_to_vwo(\"contact+augg@thetestingacademy.com\", \"Wingify@123\")\n        time.sleep(5)\n>       assert \"Dashboard\" in driver.title\nE       assert 'Dashboard' in 'Login - VWO'\nE        +  where 'Login - VWO' = <selenium.webdriver.chrome.webdriver.WebDriver (session=\"30110e407422949a7fd0f84a9930b9a7\")>.title\n\ntest\\vwoLoginTests\\test_vwologin.py:23: AssertionError"}, "start": 1693223216313, "stop": 1693223227031, "uuid": "d8e6f58b-f7c6-4c0f-a7d2-aebbb2f9e151", "historyId": "e0b72b1eeda4c80355f86e9997564a54", "testCaseId": "e0b72b1eeda4c80355f86e9997564a54", "fullName": "test.vwoLoginTests.test_vwologin.TestVWOLogin#test_vwologin", "labels": [{"name": "tag", "value": "positive"}, {"name": "parentSuite", "value": "test.vwoLoginTests"}, {"name": "suite", "value": "test_vwologin"}, {"name": "subSuite", "value": "TestVWOLogin"}, {"name": "host", "value": "Saad"}, {"name": "thread", "value": "12460-MainThread"}, {"name": "framework", "value": "pytest"}, {"name": "language", "value": "cpython3"}, {"name": "package", "value": "test.vwoLoginTests.test_vwologin"}]}